<?xml version="1.0" encoding="UTF-8"?>
<!-- Generated by org.testng.reporters.JUnitReportReporter -->
<testsuite skipped="0" hostname="DESKTOP-857J0S0" name="TC_001_TestScript1" tests="1" failures="0" timestamp="2020-07-09T23:10:17 IST" time="0.010" errors="0">
  <testcase name="tc_001_install_app" time="0.010" classname="TC_001_TestScript1"/>
  <system-out/>
</testsuite> <!-- TC_001_TestScript1 -->
